<?xml version="1.0" encoding="UTF-8"?>
<testng-results skipped="0" failed="0" ignored="0" total="1" passed="1">
  <reporter-output>
  </reporter-output>
  <suite name="Default suite" duration-ms="26579" started-at="2019-03-06T10:47:17Z" finished-at="2019-03-06T10:47:44Z">
    <groups>
    </groups>
    <test name="Default test" duration-ms="26579" started-at="2019-03-06T10:47:17Z" finished-at="2019-03-06T10:47:44Z">
      <class name="NewTest">
        <test-method status="PASS" signature="config()[pri:0, instance:NewTest@31ef45e3]" name="config" is-config="true" duration-ms="14514" started-at="2019-03-06T10:47:17Z" finished-at="2019-03-06T10:47:31Z">
          <reporter-output>
          </reporter-output>
        </test-method> <!-- config -->
        <test-method status="PASS" signature="f()[pri:0, instance:NewTest@31ef45e3]" name="f" duration-ms="11396" started-at="2019-03-06T10:47:32Z" finished-at="2019-03-06T10:47:43Z">
          <reporter-output>
          </reporter-output>
        </test-method> <!-- f -->
        <test-method status="PASS" signature="tearDown()[pri:0, instance:NewTest@31ef45e3]" name="tearDown" is-config="true" duration-ms="634" started-at="2019-03-06T10:47:43Z" finished-at="2019-03-06T10:47:44Z">
          <reporter-output>
          </reporter-output>
        </test-method> <!-- tearDown -->
      </class> <!-- NewTest -->
    </test> <!-- Default test -->
  </suite> <!-- Default suite -->
</testng-results>
